<?xml version="1.0" encoding="UTF-8"?>
<!-- Generated by org.testng.reporters.JUnitReportReporter -->
<testsuite hostname="DESKTOP-7S4VF7G" failures="0" tests="2" name="mavenpackage.TestScript01" time="0.008" errors="0" timestamp="2023-04-03T10:10:08 IST" skipped="0">
  <testcase classname="mavenpackage.TestScript01" name="testscript01" time="0.007"/>
  <system-out/>
  <testcase classname="mavenpackage.TestScript01" name="testscript02" time="0.001"/>
  <system-out/>
</testsuite> <!-- mavenpackage.TestScript01 -->
