<?xml version="1.0" encoding="UTF-8"?>
<!-- Generated by org.testng.reporters.JUnitReportReporter -->
<testsuite hostname="DESKTOP-7S4VF7G" failures="0" tests="2" name="mavenpackage.TestScript02" time="0.001" errors="0" timestamp="2023-04-03T10:10:08 IST" skipped="0">
  <testcase classname="mavenpackage.TestScript02" name="testscript04" time="0.001"/>
  <system-out/>
  <testcase classname="mavenpackage.TestScript02" name="testscript03" time="0.000"/>
  <system-out/>
</testsuite> <!-- mavenpackage.TestScript02 -->
